2026-06-12T07:08:26.643721+00:00 INFO 'ansible_navigator.setup_logger' New ansible-navigator instance, logging initialized
2026-06-12T07:08:26.645486+00:00 INFO 'ansible_navigator.setup_logger' New ansible-runner instance, logging initialized
2026-06-12T07:08:26.645835+00:00 INFO 'ansible_navigator.main' EE support enabled: no 'ansible.cfg' found in current working directory. Tried /Users/ivan/Documents/Cursos/cursoAnsible/proyectos/apache/ansible.cfg
2026-06-12T07:08:26.646198+00:00 INFO 'ansible_navigator.image_manager.puller._log_message' Image tag is: latest
2026-06-12T07:08:43.396878+00:00 INFO 'ansible_navigator.actions.run_playbook.write_artifact' Saved artifact as /Users/ivan/Documents/Cursos/cursoAnsible/proyectos/apache/artifacts/playbook-artifact-2026-06-12T07:08:43.378330+00:00.json
2026-06-12T07:09:30.522248+00:00 INFO 'ansible_navigator.setup_logger' New ansible-navigator instance, logging initialized
2026-06-12T07:09:30.523505+00:00 INFO 'ansible_navigator.setup_logger' New ansible-runner instance, logging initialized
2026-06-12T07:09:30.523792+00:00 INFO 'ansible_navigator.main' EE support enabled: no 'ansible.cfg' found in current working directory. Tried /Users/ivan/Documents/Cursos/cursoAnsible/proyectos/apache/ansible.cfg
2026-06-12T07:09:30.524083+00:00 INFO 'ansible_navigator.image_manager.puller._log_message' Image tag is: latest
2026-06-12T07:09:40.912572+00:00 INFO 'ansible_navigator.actions.run_playbook.write_artifact' Saved artifact as /Users/ivan/Documents/Cursos/cursoAnsible/proyectos/apache/artifacts/playbook-artifact-2026-06-12T07:09:40.905258+00:00.json
2026-06-12T07:11:00.965140+00:00 INFO 'ansible_navigator.setup_logger' New ansible-navigator instance, logging initialized
2026-06-12T07:11:00.966056+00:00 INFO 'ansible_navigator.setup_logger' New ansible-runner instance, logging initialized
2026-06-12T07:11:00.966261+00:00 INFO 'ansible_navigator.main' EE support enabled: no 'ansible.cfg' found in current working directory. Tried /Users/ivan/Documents/Cursos/cursoAnsible/proyectos/apache/ansible.cfg
2026-06-12T07:11:00.966456+00:00 INFO 'ansible_navigator.image_manager.puller._log_message' Image tag is: latest
2026-06-12T07:11:08.242124+00:00 WARNING 'ansible_navigator.actions.run_playbook._handle_message' Task event without parent task
2026-06-12T07:11:08.265767+00:00 WARNING 'ansible_navigator.actions.run_playbook._handle_message' Task event without parent task
2026-06-12T07:11:20.933017+00:00 INFO 'ansible_navigator.actions.run_playbook.write_artifact' Saved artifact as /Users/ivan/Documents/Cursos/cursoAnsible/proyectos/apache/artifacts/playbook-artifact-2026-06-12T07:11:20.924072+00:00.json
2026-06-12T08:05:25.139480+00:00 INFO 'ansible_navigator.setup_logger' New ansible-navigator instance, logging initialized
2026-06-12T08:05:25.140956+00:00 INFO 'ansible_navigator.setup_logger' New ansible-runner instance, logging initialized
2026-06-12T08:05:25.141330+00:00 INFO 'ansible_navigator.main' EE support enabled: no 'ansible.cfg' found in current working directory. Tried /Users/ivan/Documents/Cursos/cursoAnsible/proyectos/apache/ansible.cfg
2026-06-12T08:05:25.141684+00:00 INFO 'ansible_navigator.image_manager.puller._log_message' Image tag is: latest
2026-06-12T08:05:51.564905+00:00 WARNING 'ansible_navigator.actions.run_playbook._handle_message' Task event without parent task
2026-06-12T08:05:51.889280+00:00 WARNING 'ansible_navigator.actions.run_playbook._handle_message' Task event without parent task
2026-06-12T08:07:41.080615+00:00 CRITICAL 'ansible_navigator.actions.run_playbook._handle_message' Unhandled message from runner queue, discarded: {'event': 'verbose', 'uuid': '655b91e8-5099-49be-9f2f-0ab712feb446', 'counter': 80, 'stdout': "\x1b[0;31mERROR! 'notify' is not a valid attribute for a TaskInclude\x1b[0m", 'start_line': 68, 'end_line': 69, 'runner_ident': '5e1e8d9e-a37d-4c67-b90d-9d5fd0a0f01a', 'created': '2026-06-12T08:07:41.078332+00:00'}
2026-06-12T08:07:41.080903+00:00 CRITICAL 'ansible_navigator.actions.run_playbook._handle_message' Unhandled message from runner queue, discarded: {'event': 'verbose', 'uuid': 'f1cb7ae1-d6cd-4a93-a41b-ee9de7f06cfc', 'counter': 81, 'stdout': '\x1b[0;31m\x1b[0m', 'start_line': 69, 'end_line': 70, 'runner_ident': '5e1e8d9e-a37d-4c67-b90d-9d5fd0a0f01a', 'created': '2026-06-12T08:07:41.078332+00:00'}
2026-06-12T08:07:41.081158+00:00 CRITICAL 'ansible_navigator.actions.run_playbook._handle_message' Unhandled message from runner queue, discarded: {'event': 'verbose', 'uuid': 'b80e1608-f150-45ea-b5f0-4dadb81065b3', 'counter': 82, 'stdout': "\x1b[0;31mThe error appears to be in '/Users/ivan/Documents/Cursos/cursoAnsible/proyectos/apache/tasks/tareas.instalacion.apache.yaml': line 74, column 3, but may\x1b[0m", 'start_line': 70, 'end_line': 71, 'runner_ident': '5e1e8d9e-a37d-4c67-b90d-9d5fd0a0f01a', 'created': '2026-06-12T08:07:41.078332+00:00'}
2026-06-12T08:07:41.081293+00:00 CRITICAL 'ansible_navigator.actions.run_playbook._handle_message' Unhandled message from runner queue, discarded: {'event': 'verbose', 'uuid': '29c1e489-0d4a-4e8e-980a-192136606ef0', 'counter': 83, 'stdout': '\x1b[0;31mbe elsewhere in the file depending on the exact syntax problem.\x1b[0m', 'start_line': 71, 'end_line': 72, 'runner_ident': '5e1e8d9e-a37d-4c67-b90d-9d5fd0a0f01a', 'created': '2026-06-12T08:07:41.078332+00:00'}
2026-06-12T08:07:41.081406+00:00 CRITICAL 'ansible_navigator.actions.run_playbook._handle_message' Unhandled message from runner queue, discarded: {'event': 'verbose', 'uuid': 'a25741a9-a77f-4f1d-850a-5cb29c0e87b4', 'counter': 84, 'stdout': '\x1b[0;31m\x1b[0m', 'start_line': 72, 'end_line': 73, 'runner_ident': '5e1e8d9e-a37d-4c67-b90d-9d5fd0a0f01a', 'created': '2026-06-12T08:07:41.078332+00:00'}
2026-06-12T08:07:41.081513+00:00 CRITICAL 'ansible_navigator.actions.run_playbook._handle_message' Unhandled message from runner queue, discarded: {'event': 'verbose', 'uuid': '773c9edb-201e-4cc9-bdd4-a10d8a09dce7', 'counter': 85, 'stdout': '\x1b[0;31mThe offending line appears to be:\x1b[0m', 'start_line': 73, 'end_line': 74, 'runner_ident': '5e1e8d9e-a37d-4c67-b90d-9d5fd0a0f01a', 'created': '2026-06-12T08:07:41.078332+00:00'}
2026-06-12T08:07:41.081630+00:00 CRITICAL 'ansible_navigator.actions.run_playbook._handle_message' Unhandled message from runner queue, discarded: {'event': 'verbose', 'uuid': '625630ea-7252-41c2-8220-0a5e8cf1e2b4', 'counter': 86, 'stdout': '\x1b[0;31m\x1b[0m', 'start_line': 74, 'end_line': 75, 'runner_ident': '5e1e8d9e-a37d-4c67-b90d-9d5fd0a0f01a', 'created': '2026-06-12T08:07:41.078332+00:00'}
2026-06-12T08:07:41.081740+00:00 CRITICAL 'ansible_navigator.actions.run_playbook._handle_message' Unhandled message from runner queue, discarded: {'event': 'verbose', 'uuid': '6107fa20-4939-4fe1-8e0c-95d6cb921cb5', 'counter': 87, 'stdout': '\x1b[0;31m\x1b[0m', 'start_line': 75, 'end_line': 76, 'runner_ident': '5e1e8d9e-a37d-4c67-b90d-9d5fd0a0f01a', 'created': '2026-06-12T08:07:41.078332+00:00'}
2026-06-12T08:07:41.081854+00:00 CRITICAL 'ansible_navigator.actions.run_playbook._handle_message' Unhandled message from runner queue, discarded: {'event': 'verbose', 'uuid': '7a9a5184-9cbb-40fa-8af6-bc9c907ca190', 'counter': 88, 'stdout': '\x1b[0;31m- name:                           Asegurar que Apache queda instalado en la versión que me interesa\x1b[0m', 'start_line': 76, 'end_line': 77, 'runner_ident': '5e1e8d9e-a37d-4c67-b90d-9d5fd0a0f01a', 'created': '2026-06-12T08:07:41.078332+00:00'}
2026-06-12T08:07:41.081983+00:00 CRITICAL 'ansible_navigator.actions.run_playbook._handle_message' Unhandled message from runner queue, discarded: {'event': 'verbose', 'uuid': 'f6d4b433-1ca9-46aa-b8c6-4325d7ee890d', 'counter': 89, 'stdout': '\x1b[0;31m  ^ here\x1b[0m', 'start_line': 77, 'end_line': 78, 'runner_ident': '5e1e8d9e-a37d-4c67-b90d-9d5fd0a0f01a', 'created': '2026-06-12T08:07:41.078332+00:00'}
2026-06-12T08:07:41.820190+00:00 INFO 'ansible_navigator.actions.run_playbook.write_artifact' Saved artifact as /Users/ivan/Documents/Cursos/cursoAnsible/proyectos/apache/artifacts/playbook-artifact-2026-06-12T08:07:41.807633+00:00.json
2026-06-12T08:11:07.702271+00:00 INFO 'ansible_navigator.setup_logger' New ansible-navigator instance, logging initialized
2026-06-12T08:11:07.703882+00:00 INFO 'ansible_navigator.setup_logger' New ansible-runner instance, logging initialized
2026-06-12T08:11:07.704217+00:00 INFO 'ansible_navigator.main' EE support enabled: no 'ansible.cfg' found in current working directory. Tried /Users/ivan/Documents/Cursos/cursoAnsible/proyectos/apache/ansible.cfg
2026-06-12T08:11:07.704597+00:00 INFO 'ansible_navigator.image_manager.puller._log_message' Image tag is: latest
2026-06-12T08:11:30.602107+00:00 WARNING 'ansible_navigator.actions.run_playbook._handle_message' Task event without parent task
2026-06-12T08:11:30.659670+00:00 WARNING 'ansible_navigator.actions.run_playbook._handle_message' Task event without parent task
2026-06-12T08:14:04.285021+00:00 INFO 'ansible_navigator.actions.run_playbook.write_artifact' Saved artifact as /Users/ivan/Documents/Cursos/cursoAnsible/proyectos/apache/artifacts/playbook-artifact-2026-06-12T08:14:04.214347+00:00.json
2026-06-12T08:15:02.311944+00:00 INFO 'ansible_navigator.setup_logger' New ansible-navigator instance, logging initialized
2026-06-12T08:15:02.313457+00:00 INFO 'ansible_navigator.setup_logger' New ansible-runner instance, logging initialized
2026-06-12T08:15:02.313831+00:00 INFO 'ansible_navigator.main' EE support enabled: no 'ansible.cfg' found in current working directory. Tried /Users/ivan/Documents/Cursos/cursoAnsible/proyectos/apache/ansible.cfg
2026-06-12T08:15:02.314152+00:00 INFO 'ansible_navigator.image_manager.puller._log_message' Image tag is: latest
2026-06-12T08:15:17.508102+00:00 WARNING 'ansible_navigator.actions.run_playbook._handle_message' Task event without parent task
2026-06-12T08:15:17.537880+00:00 WARNING 'ansible_navigator.actions.run_playbook._handle_message' Task event without parent task
2026-06-12T08:20:34.485758+00:00 INFO 'ansible_navigator.actions.run_playbook.write_artifact' Saved artifact as /Users/ivan/Documents/Cursos/cursoAnsible/proyectos/apache/artifacts/playbook-artifact-2026-06-12T08:20:33.814636+00:00.json
2026-06-12T08:23:18.810857+00:00 INFO 'ansible_navigator.setup_logger' New ansible-navigator instance, logging initialized
2026-06-12T08:23:18.812146+00:00 INFO 'ansible_navigator.setup_logger' New ansible-runner instance, logging initialized
2026-06-12T08:23:18.812430+00:00 INFO 'ansible_navigator.main' EE support enabled: no 'ansible.cfg' found in current working directory. Tried /Users/ivan/Documents/Cursos/cursoAnsible/proyectos/apache/ansible.cfg
2026-06-12T08:23:18.812716+00:00 INFO 'ansible_navigator.image_manager.puller._log_message' Image tag is: latest
2026-06-12T08:23:28.922228+00:00 WARNING 'ansible_navigator.actions.run_playbook._handle_message' Task event without parent task
2026-06-12T08:23:28.946381+00:00 WARNING 'ansible_navigator.actions.run_playbook._handle_message' Task event without parent task
2026-06-12T08:26:59.300131+00:00 INFO 'ansible_navigator.actions.run_playbook.write_artifact' Saved artifact as /Users/ivan/Documents/Cursos/cursoAnsible/proyectos/apache/artifacts/playbook-artifact-2026-06-12T08:26:59.134953+00:00.json
2026-06-12T08:28:15.535789+00:00 INFO 'ansible_navigator.setup_logger' New ansible-navigator instance, logging initialized
2026-06-12T08:28:15.536917+00:00 INFO 'ansible_navigator.setup_logger' New ansible-runner instance, logging initialized
2026-06-12T08:28:15.537185+00:00 INFO 'ansible_navigator.main' EE support enabled: no 'ansible.cfg' found in current working directory. Tried /Users/ivan/Documents/Cursos/cursoAnsible/proyectos/apache/ansible.cfg
2026-06-12T08:28:15.537450+00:00 INFO 'ansible_navigator.image_manager.puller._log_message' Image tag is: latest
2026-06-12T08:28:27.137468+00:00 WARNING 'ansible_navigator.actions.run_playbook._handle_message' Task event without parent task
2026-06-12T08:28:27.210069+00:00 WARNING 'ansible_navigator.actions.run_playbook._handle_message' Task event without parent task
2026-06-12T08:31:45.421651+00:00 INFO 'ansible_navigator.actions.run_playbook.write_artifact' Saved artifact as /Users/ivan/Documents/Cursos/cursoAnsible/proyectos/apache/artifacts/playbook-artifact-2026-06-12T08:31:45.233203+00:00.json
2026-06-12T08:39:09.756344+00:00 INFO 'ansible_navigator.setup_logger' New ansible-navigator instance, logging initialized
2026-06-12T08:39:09.757519+00:00 INFO 'ansible_navigator.setup_logger' New ansible-runner instance, logging initialized
2026-06-12T08:39:09.757776+00:00 INFO 'ansible_navigator.main' EE support enabled: no 'ansible.cfg' found in current working directory. Tried /Users/ivan/Documents/Cursos/cursoAnsible/proyectos/apache/ansible.cfg
2026-06-12T08:39:09.758016+00:00 INFO 'ansible_navigator.image_manager.puller._log_message' Image tag is: latest
2026-06-12T08:39:09.821128+00:00 ERROR 'ansible_navigator.image_manager.puller._log_message' Pull policy is set to 'never' and execution environment image was not found locally
2026-06-12T08:39:09.821488+00:00 INFO 'ansible_navigator.image_manager.puller._log_message' Try again with '--pp missing' or manually pull the execution environment image
2026-06-12T08:40:25.329217+00:00 INFO 'ansible_navigator.setup_logger' New ansible-navigator instance, logging initialized
2026-06-12T08:40:25.330542+00:00 INFO 'ansible_navigator.setup_logger' New ansible-runner instance, logging initialized
2026-06-12T08:40:25.330856+00:00 INFO 'ansible_navigator.main' EE support enabled: no 'ansible.cfg' found in current working directory. Tried /Users/ivan/Documents/Cursos/cursoAnsible/proyectos/apache/ansible.cfg
2026-06-12T08:40:25.331164+00:00 INFO 'ansible_navigator.image_manager.puller._log_message' Image tag is: latest
2026-06-12T08:40:25.411345+00:00 ERROR 'ansible_navigator.image_manager.puller._log_message' Pull policy is set to 'never' and execution environment image was not found locally
2026-06-12T08:40:25.411771+00:00 INFO 'ansible_navigator.image_manager.puller._log_message' Try again with '--pp missing' or manually pull the execution environment image
2026-06-12T08:43:14.099912+00:00 INFO 'ansible_navigator.setup_logger' New ansible-navigator instance, logging initialized
2026-06-12T08:43:14.101316+00:00 INFO 'ansible_navigator.setup_logger' New ansible-runner instance, logging initialized
2026-06-12T08:43:14.101641+00:00 INFO 'ansible_navigator.main' EE support enabled: no 'ansible.cfg' found in current working directory. Tried /Users/ivan/Documents/Cursos/cursoAnsible/proyectos/apache/ansible.cfg
2026-06-12T08:43:14.101969+00:00 INFO 'ansible_navigator.image_manager.puller._log_message' Image tag is: latest
2026-06-12T08:43:38.996323+00:00 WARNING 'ansible_navigator.actions.run_playbook._handle_message' Task event without parent task
2026-06-12T08:43:39.041363+00:00 WARNING 'ansible_navigator.actions.run_playbook._handle_message' Task event without parent task
